<?xml version="1.0" encoding="UTF-8"?>
<!-- Generated by org.testng.reporters.JUnitReportReporter -->
<testsuite hostname="C02YQGKGLVCF" failures="0" tests="1" name="TestScripts.ValidateProfilePageElements" time="122.245" errors="0" timestamp="10 Sep 2020 10:02:51 GMT" skipped="0">
  <testcase classname="TestScripts.ValidateProfilePageElements" name="ValidateProfilePageElementsTC" time="122.245"/>
</testsuite> <!-- TestScripts.ValidateProfilePageElements -->
