<?xml version="1.0" encoding="UTF-8"?>
<!-- Generated by org.testng.reporters.JUnitReportReporter -->
<testsuite hostname="C02YQGKGLVCF" failures="0" tests="1" name="TestScripts.ValidateProfilePageElements" time="144.556" errors="0" timestamp="08 Sep 2020 11:30:12 GMT" skipped="0">
  <testcase classname="TestScripts.ValidateProfilePageElements" name="ValidateInternetOfThingsTC" time="144.556"/>
</testsuite> <!-- TestScripts.ValidateProfilePageElements -->
