<?xml version="1.0" encoding="UTF-8"?>
<!-- Generated by org.testng.reporters.JUnitReportReporter -->
<testsuite hostname="C02YQGKGLVCF" failures="0" tests="1" name="TestScripts.ValidateShopScreenElements" time="104.785" errors="0" timestamp="26 Aug 2020 12:39:30 GMT" skipped="0">
  <testcase classname="TestScripts.ValidateShopScreenElements" name="ValidateShopScreenElementsTC" time="104.785"/>
</testsuite> <!-- TestScripts.ValidateShopScreenElements -->
